UERANSIM v3.2.7
[2025-07-02 15:09:28.725] [nas] [[32minfo[m] UE switches to state [MM-DEREGISTERED/PLMN-SEARCH]
[2025-07-02 15:09:28.725] [rrc] [[36mdebug[m] New signal detected for cell[1], total [1] cells in coverage
[2025-07-02 15:09:28.726] [nas] [[32minfo[m] Selected plmn[208/95]
[2025-07-02 15:09:28.726] [rrc] [[32minfo[m] Selected cell plmn[208/95] tac[40960] category[SUITABLE]
[2025-07-02 15:09:28.726] [nas] [[32minfo[m] UE switches to state [MM-DEREGISTERED/PS]
[2025-07-02 15:09:28.726] [nas] [[32minfo[m] UE switches to state [MM-DEREGISTERED/NORMAL-SERVICE]
[2025-07-02 15:09:28.726] [nas] [[36mdebug[m] Initial registration required due to [MM-DEREG-NORMAL-SERVICE]
[2025-07-02 15:09:28.735] [nas] [[36mdebug[m] UAC access attempt is allowed for identity[0], category[MO_sig]
[2025-07-02 15:09:28.735] [nas] [[36mdebug[m] Sending Initial Registration
[2025-07-02 15:09:28.735] [nas] [[32minfo[m] UE switches to state [MM-REGISTER-INITIATED]
[2025-07-02 15:09:28.735] [rrc] [[36mdebug[m] Sending RRC Setup Request
[2025-07-02 15:09:28.735] [rrc] [[32minfo[m] RRC connection established
[2025-07-02 15:09:28.735] [rrc] [[32minfo[m] UE switches to state [RRC-CONNECTED]
[2025-07-02 15:09:28.735] [nas] [[32minfo[m] UE switches to state [CM-CONNECTED]
[2025-07-02 15:09:28.804] [nas] [[36mdebug[m] Authentication Request received
[2025-07-02 15:09:28.804] [nas] [[36mdebug[m] Received SQN [000000000040]
[2025-07-02 15:09:28.804] [nas] [[36mdebug[m] SQN-MS [000000000000]
[2025-07-02 15:09:28.821] [nas] [[36mdebug[m] Security Mode Command received
[2025-07-02 15:09:28.821] [nas] [[36mdebug[m] Selected integrity[1] ciphering[0]
[2025-07-02 15:09:28.839] [nas] [[36mdebug[m] Registration accept received
[2025-07-02 15:09:28.839] [nas] [[32minfo[m] UE switches to state [MM-REGISTERED/NORMAL-SERVICE]
[2025-07-02 15:09:28.839] [nas] [[36mdebug[m] Sending Registration Complete
[2025-07-02 15:09:28.839] [nas] [[32minfo[m] Initial Registration is successful
[2025-07-02 15:09:28.839] [nas] [[36mdebug[m] Sending PDU Session Establishment Request
[2025-07-02 15:09:28.842] [nas] [[36mdebug[m] UAC access attempt is allowed for identity[0], category[MO_sig]
[2025-07-02 15:09:30.078] [nas] [[36mdebug[m] De-registration required due to [NORMAL]
[2025-07-02 15:09:30.088] [nas] [[36mdebug[m] Starting de-registration procedure due to [NORMAL]
[2025-07-02 15:09:30.088] [nas] [[32minfo[m] UE switches to state [MM-DEREGISTER-INITIATED]
[2025-07-02 15:09:31.091] [nas] [[36mdebug[m] De-registration accept received
[2025-07-02 15:09:31.091] [nas] [[32minfo[m] UE switches to state [MM-DEREGISTERED/PS]
[2025-07-02 15:09:31.091] [nas] [[32minfo[m] De-registration is successful
[2025-07-02 15:09:31.091] [nas] [[32minfo[m] UE switches to state [MM-DEREGISTERED/NORMAL-SERVICE]
[2025-07-02 15:09:31.091] [nas] [[36mdebug[m] Initial registration required due to [MM-DEREG-NORMAL-SERVICE]
[2025-07-02 15:09:31.091] [nas] [[36mdebug[m] Sending Initial Registration
[2025-07-02 15:09:31.091] [nas] [[36mdebug[m] Deleting NAS security context
[2025-07-02 15:09:31.091] [nas] [[32minfo[m] UE switches to state [MM-REGISTER-INITIATED]
[2025-07-02 15:09:31.291] [rrc] [[36mdebug[m] RRC Release received
[2025-07-02 15:09:31.291] [nas] [[32minfo[m] UE switches to state [CM-IDLE]
[2025-07-02 15:09:31.291] [nas] [[32minfo[m] UE switches to state [MM-DEREGISTERED/PS]
[2025-07-02 15:09:31.291] [nas] [[32minfo[m] UE switches to state [5U2-NOT-UPDATED]
[2025-07-02 15:09:31.291] [nas] [[32minfo[m] UE switches to state [MM-DEREGISTERED/ATTEMPTING-REGISTRATION]
[2025-07-02 15:09:41.747] [nas] [[36mdebug[m] NAS timer[3511] expired [1]
[2025-07-02 15:09:41.747] [nas] [[36mdebug[m] Initial registration required due to [T3511-EXPIRY-IN-ATT-REG]
[2025-07-02 15:09:41.747] [nas] [[36mdebug[m] UAC access attempt is allowed for identity[0], category[MO_sig]
[2025-07-02 15:09:41.747] [nas] [[36mdebug[m] Sending Initial Registration
[2025-07-02 15:09:41.747] [nas] [[32minfo[m] UE switches to state [MM-REGISTER-INITIATED]
[2025-07-02 15:09:41.747] [rrc] [[36mdebug[m] Sending RRC Setup Request
[2025-07-02 15:09:41.747] [rrc] [[32minfo[m] RRC connection established
[2025-07-02 15:09:41.747] [rrc] [[32minfo[m] UE switches to state [RRC-CONNECTED]
[2025-07-02 15:09:41.747] [nas] [[32minfo[m] UE switches to state [CM-CONNECTED]
[2025-07-02 15:09:41.752] [nas] [[36mdebug[m] Authentication Request received
[2025-07-02 15:09:41.752] [nas] [[36mdebug[m] Received SQN [000000000040]
[2025-07-02 15:09:41.752] [nas] [[36mdebug[m] SQN-MS [000000000040]
[2025-07-02 15:09:41.753] [nas] [[36mdebug[m] Sending Authentication Failure due to SQN out of range
[2025-07-02 15:09:41.777] [nas] [[36mdebug[m] Authentication Request received
[2025-07-02 15:09:41.777] [nas] [[36mdebug[m] Received SQN [000000000080]
[2025-07-02 15:09:41.777] [nas] [[36mdebug[m] SQN-MS [000000000040]
[2025-07-02 15:09:41.792] [nas] [[36mdebug[m] Security Mode Command received
[2025-07-02 15:09:41.792] [nas] [[36mdebug[m] Selected integrity[1] ciphering[0]
[2025-07-02 15:09:41.799] [nas] [[36mdebug[m] Registration accept received
[2025-07-02 15:09:41.799] [nas] [[32minfo[m] UE switches to state [MM-REGISTERED/NORMAL-SERVICE]
[2025-07-02 15:09:41.799] [nas] [[32minfo[m] UE switches to state [5U1-UPDATED]
[2025-07-02 15:09:41.799] [nas] [[36mdebug[m] Sending Registration Complete
[2025-07-02 15:09:41.799] [nas] [[32minfo[m] Initial Registration is successful
UERANSIM v3.2.7
[2025-07-02 15:14:25.507] [nas] [info] UE switches to state [MM-DEREGISTERED/PLMN-SEARCH]
[2025-07-02 15:14:25.508] [rrc] [debug] New signal detected for cell[1], total [1] cells in coverage
[2025-07-02 15:14:25.508] [nas] [info] Selected plmn[208/93]
[2025-07-02 15:14:25.508] [rrc] [info] Selected cell plmn[208/93] tac[1] category[SUITABLE]
[2025-07-02 15:14:25.508] [nas] [info] UE switches to state [MM-DEREGISTERED/PS]
[2025-07-02 15:14:25.508] [nas] [info] UE switches to state [MM-DEREGISTERED/NORMAL-SERVICE]
[2025-07-02 15:14:25.508] [nas] [debug] Initial registration required due to [MM-DEREG-NORMAL-SERVICE]
[2025-07-02 15:14:25.508] [nas] [debug] UAC access attempt is allowed for identity[0], category[MO_sig]
[2025-07-02 15:14:25.508] [nas] [debug] Sending Initial Registration
[2025-07-02 15:14:25.508] [nas] [info] UE switches to state [MM-REGISTER-INITIATED]
[2025-07-02 15:14:25.508] [rrc] [debug] Sending RRC Setup Request
[2025-07-02 15:14:25.509] [rrc] [info] RRC connection established
[2025-07-02 15:14:25.509] [rrc] [info] UE switches to state [RRC-CONNECTED]
[2025-07-02 15:14:25.509] [nas] [info] UE switches to state [CM-CONNECTED]
[2025-07-02 15:14:25.593] [nas] [debug] Authentication Request received
[2025-07-02 15:14:25.593] [nas] [debug] Received SQN [000000000109]
[2025-07-02 15:14:25.593] [nas] [debug] SQN-MS [000000000000]
[2025-07-02 15:14:25.637] [nas] [debug] Security Mode Command received
[2025-07-02 15:14:25.637] [nas] [debug] Selected integrity[2] ciphering[0]
[2025-07-02 15:14:25.859] [nas] [debug] Registration accept received
[2025-07-02 15:14:25.859] [nas] [info] UE switches to state [MM-REGISTERED/NORMAL-SERVICE]
[2025-07-02 15:14:25.859] [nas] [debug] Sending Registration Complete
[2025-07-02 15:14:25.859] [nas] [info] Initial Registration is successful
[2025-07-02 15:14:25.859] [nas] [debug] Sending PDU Session Establishment Request
[2025-07-02 15:14:25.874] [nas] [debug] UAC access attempt is allowed for identity[0], category[MO_sig]
[2025-07-02 15:14:25.875] [nas] [debug] Sending PDU Session Establishment Request
[2025-07-02 15:14:25.878] [nas] [debug] UAC access attempt is allowed for identity[0], category[MO_sig]
[2025-07-02 15:14:26.069] [nas] [debug] Configuration Update Command received
[2025-07-02 15:14:26.276] [nas] [debug] PDU Session Establishment Accept received
[2025-07-02 15:14:26.276] [nas] [info] PDU Session establishment is successful PSI[1]
[2025-07-02 15:14:26.304] [app] [info] Connection setup for PDU session[1] is successful, TUN interface[uesimtun0, 10.60.0.1] is up.
[2025-07-02 15:14:26.448] [nas] [debug] PDU Session Establishment Accept received
[2025-07-02 15:14:26.448] [nas] [info] PDU Session establishment is successful PSI[2]
[2025-07-02 15:14:26.486] [app] [info] Connection setup for PDU session[2] is successful, TUN interface[uesimtun1, 10.61.0.1] is up.
[2025-07-02 15:14:26.733] [nas] [debug] De-registration required due to [NORMAL]
[2025-07-02 15:14:26.743] [nas] [debug] Starting de-registration procedure due to [NORMAL]
[2025-07-02 15:14:26.743] [nas] [debug] Performing local release of PDU session[1]
[2025-07-02 15:14:26.743] [nas] [debug] Performing local release of PDU session[2]
[2025-07-02 15:14:26.743] [nas] [info] UE switches to state [MM-DEREGISTER-INITIATED]
[2025-07-02 15:14:36.878] [nas] [debug] De-registration accept received
[2025-07-02 15:14:36.878] [nas] [info] UE switches to state [MM-DEREGISTERED/PS]
[2025-07-02 15:14:36.878] [nas] [info] De-registration is successful
[2025-07-02 15:14:36.878] [nas] [info] UE switches to state [MM-DEREGISTERED/NORMAL-SERVICE]
[2025-07-02 15:14:36.878] [nas] [debug] Initial registration required due to [MM-DEREG-NORMAL-SERVICE]
[2025-07-02 15:14:36.878] [nas] [debug] Sending Initial Registration
[2025-07-02 15:14:36.878] [nas] [debug] Deleting NAS security context
[2025-07-02 15:14:36.878] [nas] [info] UE switches to state [MM-REGISTER-INITIATED]
[2025-07-02 15:14:36.881] [rrc] [debug] RRC Release received
[2025-07-02 15:14:36.881] [nas] [info] UE switches to state [CM-IDLE]
[2025-07-02 15:14:36.881] [nas] [info] UE switches to state [MM-DEREGISTERED/PS]
[2025-07-02 15:14:36.881] [nas] [info] UE switches to state [5U2-NOT-UPDATED]
[2025-07-02 15:14:36.881] [nas] [info] UE switches to state [MM-DEREGISTERED/ATTEMPTING-REGISTRATION]
[2025-07-02 15:14:47.529] [nas] [debug] NAS timer[3511] expired [1]
[2025-07-02 15:14:47.529] [nas] [debug] Initial registration required due to [T3511-EXPIRY-IN-ATT-REG]
[2025-07-02 15:14:47.529] [nas] [debug] UAC access attempt is allowed for identity[0], category[MO_sig]
[2025-07-02 15:14:47.529] [nas] [debug] Sending Initial Registration
[2025-07-02 15:14:47.529] [nas] [info] UE switches to state [MM-REGISTER-INITIATED]
[2025-07-02 15:14:47.529] [rrc] [debug] Sending RRC Setup Request
[2025-07-02 15:14:47.529] [rrc] [info] RRC connection established
[2025-07-02 15:14:47.529] [rrc] [info] UE switches to state [RRC-CONNECTED]
[2025-07-02 15:14:47.529] [nas] [info] UE switches to state [CM-CONNECTED]
[2025-07-02 15:14:47.571] [nas] [debug] Authentication Request received
[2025-07-02 15:14:47.572] [nas] [debug] Received SQN [00000000010A]
[2025-07-02 15:14:47.572] [nas] [debug] SQN-MS [000000000109]
[2025-07-02 15:14:47.597] [nas] [debug] Security Mode Command received
[2025-07-02 15:14:47.597] [nas] [debug] Selected integrity[2] ciphering[0]
[2025-07-02 15:14:47.721] [nas] [debug] Registration accept received
[2025-07-02 15:14:47.721] [nas] [info] UE switches to state [MM-REGISTERED/NORMAL-SERVICE]
[2025-07-02 15:14:47.721] [nas] [info] UE switches to state [5U1-UPDATED]
[2025-07-02 15:14:47.721] [nas] [debug] Sending Registration Complete
[2025-07-02 15:14:47.721] [nas] [info] Initial Registration is successful
[2025-07-02 15:14:47.721] [nas] [debug] Sending PDU Session Establishment Request
[2025-07-02 15:14:47.722] [nas] [debug] UAC access attempt is allowed for identity[0], category[MO_sig]
[2025-07-02 15:14:47.722] [nas] [debug] Sending PDU Session Establishment Request
[2025-07-02 15:14:47.726] [nas] [debug] UAC access attempt is allowed for identity[0], category[MO_sig]
[2025-07-02 15:14:47.926] [nas] [debug] Configuration Update Command received
[2025-07-02 15:14:48.130] [nas] [debug] PDU Session Establishment Accept received
[2025-07-02 15:14:48.130] [nas] [info] PDU Session establishment is successful PSI[1]
[2025-07-02 15:14:48.143] [app] [info] Connection setup for PDU session[1] is successful, TUN interface[uesimtun0, 10.60.0.2] is up.
[2025-07-02 15:14:48.178] [nas] [debug] PDU Session Establishment Accept received
[2025-07-02 15:14:48.178] [nas] [info] PDU Session establishment is successful PSI[2]
[2025-07-02 15:14:48.194] [app] [info] Connection setup for PDU session[2] is successful, TUN interface[uesimtun1, 10.61.0.2] is up.
